benchmark_set/ISPD98_ibm01.hgr 14112 12753 786 2464474586 11
benchmark_set/ISPD98_ibm02.hgr 19585 19602 962 6890634359 16
benchmark_set/ISPD98_ibm03.hgr 27402 23137 1695 9575005115 21
benchmark_set/ISPD98_ibm04.hgr 31971 27508 3269 7551469417 14
benchmark_set/ISPD98_ibm05.hgr 28447 29348 2371 14997119143 29
benchmark_set/ISPD98_ibm06.hgr 34827 32499 1590 15495532395 24
benchmark_set/ISPD98_ibm07.hgr 48118 45927 2513 20279544344 23
benchmark_set/ISPD98_ibm08.hgr 50514 51310 3260 37507853750 32
benchmark_set/ISPD98_ibm09.hgr 60903 53396 3856 20475874785 17
benchmark_set/ISPD98_ibm10.hgr 75197 69430 2580 17810486432 14
benchmark_set/ISPD98_ibm11.hgr 81455 70559 7680 35237950914 24
benchmark_set/ISPD98_ibm12.hgr 77241 71077 4436 21691993581 13
benchmark_set/ISPD98_ibm13.hgr 99667 84200 3350 26630483168 13
benchmark_set/ISPD98_ibm14.hgr 152773 147606 10996 58264185252 23
benchmark_set/ISPD98_ibm15.hgr 186609 161571 10291 69210508569 22
benchmark_set/ISPD98_ibm16.hgr 190049 183485 5455 68103354386 19
benchmark_set/ISPD98_ibm17.hgr 189582 185496 11696 97513360393 30
benchmark_set/ISPD98_ibm18.hgr 201921 210614 4073 78435833632 20
benchmark_set/dac2012_superblue11.hgr 935732 952508 14002 130398100677 12
benchmark_set/dac2012_superblue12.hgr 1293437 1291932 32238 231218081726 25
benchmark_set/dac2012_superblue14.hgr 619816 630803 15209 185449967271 28
benchmark_set/dac2012_superblue16.hgr 697459 698340 24325 160214707373 27
benchmark_set/dac2012_superblue19.hgr 511686 522483 13033 146102119751 10
benchmark_set/dac2012_superblue2.hgr 990900 1010322 37014 171713974913 24
benchmark_set/dac2012_superblue3.hgr 898002 917945 13955 143749139302 12
benchmark_set/dac2012_superblue6.hgr 1006630 1011663 15884 150806766169 14
benchmark_set/dac2012_superblue7.hgr 1340419 1360218 49491 213284582667 29
benchmark_set/dac2012_superblue9.hgr 833809 844333 17919 138107582846 6
