benchmark_set/ISPD98_ibm01.hgr 14112 12753 1942 12471295083 10
benchmark_set/ISPD98_ibm02.hgr 19585 19602 1197 23195397360 9
benchmark_set/ISPD98_ibm03.hgr 27402 23137 4378 46194136130 18
benchmark_set/ISPD98_ibm04.hgr 31971 27508 5180 45186998195 14
benchmark_set/ISPD98_ibm05.hgr 28447 29348 6788 80471654775 27
benchmark_set/ISPD98_ibm06.hgr 34827 32499 5625 133350707961 39
benchmark_set/ISPD98_ibm07.hgr 48118 45927 8254 130666113121 30
benchmark_set/ISPD98_ibm08.hgr 50514 51310 9071 89919404084 15
benchmark_set/ISPD98_ibm09.hgr 60903 53396 10324 137652355668 22
benchmark_set/ISPD98_ibm10.hgr 75197 69430 13004 119658324170 13
benchmark_set/ISPD98_ibm11.hgr 81455 70559 13443 197897046318 26
benchmark_set/ISPD98_ibm12.hgr 77241 71077 14668 248338318902 34
benchmark_set/ISPD98_ibm13.hgr 99667 84200 16457 195411922898 21
benchmark_set/ISPD98_ibm14.hgr 152773 147606 23257 367880437824 30
benchmark_set/ISPD98_ibm15.hgr 186609 161571 30424 314098244211 19
benchmark_set/ISPD98_ibm16.hgr 190049 183485 34094 653505990632 57
benchmark_set/ISPD98_ibm17.hgr 189582 185496 40445 432437900810 25
benchmark_set/ISPD98_ibm18.hgr 201921 210614 32410 608900426459 46
benchmark_set/dac2012_superblue11.hgr 935732 952508 22707 544617135205 10
benchmark_set/dac2012_superblue12.hgr 1293437 1291932 35214 627985340693 8
benchmark_set/dac2012_superblue14.hgr 619816 630803 21452 650592260062 19
benchmark_set/dac2012_superblue16.hgr 697459 698340 20009 452063967917 11
benchmark_set/dac2012_superblue19.hgr 511686 522483 16651 604140826350 12
benchmark_set/dac2012_superblue2.hgr 990900 1010322 52159 594884453991 12
benchmark_set/dac2012_superblue3.hgr 898002 917945 20663 632932884738 13
benchmark_set/dac2012_superblue6.hgr 1006630 1011663 21105 568038378910 9
benchmark_set/dac2012_superblue7.hgr 1340419 1360218 57791 659946890747 13
benchmark_set/dac2012_superblue9.hgr 833809 844333 25918 644387820704 11
